<?xml version="1.0" encoding="UTF-8"?>
<!-- Generated by org.testng.reporters.JUnitXMLReporter -->
<testsuite ignored="0" hostname="IN-MH1LPW115044" failures="1" tests="1" name="Default test" time="32.6" errors="0" timestamp="2026-01-28T11:15:47 IST">
  <testcase classname="io.cucumber.testng.AbstractTestNGCucumberTests" name="runScenario" time="31.908">
    <failure type="java.lang.AssertionError" message="❌ Supplier SAVE FAILED. Save button was clicked but supplier was NOT persisted. This is an application issue (silent validation failure).">
      <![CDATA[java.lang.AssertionError: ❌ Supplier SAVE FAILED. Save button was clicked but supplier was NOT persisted. This is an application issue (silent validation failure).
at com.fms.automation.selenium_cucumber_framework.flows.AccountPayable.SupplierFlow.createSupplier(SupplierFlow.java:55)
at com.fms.automation.selenium_cucumber_framework.stepdefinitions.AccountPayable.SupplierSteps.user_creates_supplier_with_payment_option(SupplierSteps.java:40)
at ✽.user creates supplier with payment option "NONE"(file:///C:/Users/Vaibh1503544/eclipse-workspace/selenium-cucumber-framework/src/test/resources/features/AccountPayable/Supplier.feature:6)
]]>
    </failure>
  </testcase> <!-- runScenario -->
</testsuite> <!-- Default test -->
