<html>
<head>
<title>TestNG:  Default test</title>
<link href="../testng.css" rel="stylesheet" type="text/css" />
<link href="../my-testng.css" rel="stylesheet" type="text/css" />

<style type="text/css">
.log { display: none;} 
.stack-trace { display: none;} 
</style>
<script type="text/javascript">
<!--
function flip(e) {
  current = e.style.display;
  if (current == 'block') {
    e.style.display = 'none';
    return 0;
  }
  else {
    e.style.display = 'block';
    return 1;
  }
}

function toggleBox(szDivId, elem, msg1, msg2)
{
  var res = -1;  if (document.getElementById) {
    res = flip(document.getElementById(szDivId));
  }
  else if (document.all) {
    // this is the way old msie versions work
    res = flip(document.all[szDivId]);
  }
  if(elem) {
    if(res == 0) elem.innerHTML = msg1; else elem.innerHTML = msg2;
  }

}

function toggleAllBoxes() {
  if (document.getElementsByTagName) {
    d = document.getElementsByTagName('div');
    for (i = 0; i < d.length; i++) {
      if (d[i].className == 'log') {
        flip(d[i]);
      }
    }
  }
}

// -->
</script>

</head>
<body>
<h2 align='center'>Default test</h2><table border='1' align="center">
<tr>
<td>Tests passed/Failed/Skipped:</td><td>0/1/0</td>
</tr><tr>
<td>Started on:</td><td>Wed Jan 28 11:15:14 IST 2026</td>
</tr>
<tr><td>Total time:</td><td>32 seconds (32600 ms)</td>
</tr><tr>
<td>Included groups:</td><td></td>
</tr><tr>
<td>Excluded groups:</td><td></td>
</tr>
</table><p/>
<small><i>(Hover the method name to see the test class name)</i></small><p/>
<table width='100%' border='1' class='invocation-failed'>
<tr><td colspan='4' align='center'><b>FAILED TESTS</b></td></tr>
<tr><td><b>Test method</b></td>
<td><b>Attribute(s)</b></td>
<td width="30%"><b>Exception</b></td>
<td width="10%"><b>Time (seconds)</b></td>
<td><b>Instance</b></td>
</tr>
<tr>
<td title='com.fms.automation.selenium_cucumber_framework.runners.SupplierTestRunner.runScenario()'><b>runScenario</b><br>Test class: com.fms.automation.selenium_cucumber_framework.runners.SupplierTestRunner<br>Test method: Runs Cucumber Scenarios<br>Parameters: "Create supplier without BACS or Payee", "Supplier creation with payment variations"</td>
<td><div><pre>java.lang.AssertionError: ❌ Supplier SAVE FAILED. Save button was clicked but supplier was NOT persisted. This is an application issue (silent validation failure).
	at com.fms.automation.selenium_cucumber_framework.flows.AccountPayable.SupplierFlow.createSupplier(SupplierFlow.java:55)
	at com.fms.automation.selenium_cucumber_framework.stepdefinitions.AccountPayable.SupplierSteps.user_creates_supplier_with_payment_option(SupplierSteps.java:40)
	at ✽.user creates supplier with payment option &quot;NONE&quot;(file:///C:/Users/Vaibh1503544/eclipse-workspace/selenium-cucumber-framework/src/test/resources/features/AccountPayable/Supplier.feature:6)
</pre></div><a href='#' onClick='toggleBox("stack-trace1816269091", this, "Click to show all stack frames", "Click to hide stack frames")'>Click to show all stack frames</a>
<div class='stack-trace' id='stack-trace1816269091'><pre>java.lang.AssertionError: ❌ Supplier SAVE FAILED. Save button was clicked but supplier was NOT persisted. This is an application issue (silent validation failure).
	at com.fms.automation.selenium_cucumber_framework.flows.AccountPayable.SupplierFlow.createSupplier(SupplierFlow.java:55)
	at com.fms.automation.selenium_cucumber_framework.stepdefinitions.AccountPayable.SupplierSteps.user_creates_supplier_with_payment_option(SupplierSteps.java:40)
	at ✽.user creates supplier with payment option &quot;NONE&quot;(file:///C:/Users/Vaibh1503544/eclipse-workspace/selenium-cucumber-framework/src/test/resources/features/AccountPayable/Supplier.feature:6)
</pre></div></td>
<td>31</td>
<td>com.fms.automation.selenium_cucumber_framework.runners.SupplierTestRunner@4009e306</td></tr>
</table><p>
</body>
</html>