<?xml version="1.0" encoding="UTF-8"?>
<!-- Generated by org.testng.reporters.JUnitReportReporter -->
<testsuite hostname="IN-MH1LPW115044" failures="0" tests="1" name="com.fms.automation.selenium_cucumber_framework.runners.TestRunner" time="77.475" errors="1" timestamp="2026-01-26T02:08:12 IST" skipped="0">
  <testcase classname="com.fms.automation.selenium_cucumber_framework.runners.TestRunner" name="runScenario" time="77.475">
    <error message="Expected condition failed: waiting for element to be clickable: By.xpath: //button[contains(@class,&#039;btn&#039;) and .//i[contains(@class,&#039;plus&#039;)]] (tried for 20 second(s) with 500 milliseconds interval)
Build info: version: &#039;4.17.0&#039;, revision: &#039;e52b1be057*&#039;
System info: os.name: &#039;Windows 11&#039;, os.arch: &#039;amd64&#039;, os.version: &#039;10.0&#039;, java.version: &#039;21.0.6&#039;
Driver info: org.openqa.selenium.chrome.ChromeDriver
Capabilities {acceptInsecureCerts: true, browserName: chrome, browserVersion: 144.0.7559.60, chrome: {chromedriverVersion: 144.0.7559.96 (d7b80622cfab..., userDataDir: C:\Users\VAIBH1~1\AppData\L...}, fedcm:accounts: true, goog:chromeOptions: {debuggerAddress: localhost:56805}, goog:processID: 31976, networkConnectionEnabled: false, pageLoadStrategy: normal, platformName: windows, proxy: Proxy(), se:cdp: ws://localhost:56805/devtoo..., se:cdpVersion: 144.0.7559.60, setWindowRect: true, strictFileInteractability: false, timeouts: {implicit: 0, pageLoad: 300000, script: 30000}, unhandledPromptBehavior: dismiss and notify, webauthn:extension:credBlob: true, webauthn:extension:largeBlob: true, webauthn:extension:minPinLength: true, webauthn:extension:prf: true, webauthn:virtualAuthenticators: true}
Session ID: e5d76d8bef9ee47b58fd5f78132c0f4b" type="org.openqa.selenium.TimeoutException">
      <![CDATA[org.openqa.selenium.TimeoutException: Expected condition failed: waiting for element to be clickable: By.xpath: //button[contains(@class,'btn') and .//i[contains(@class,'plus')]] (tried for 20 second(s) with 500 milliseconds interval)
Build info: version: '4.17.0', revision: 'e52b1be057*'
System info: os.name: 'Windows 11', os.arch: 'amd64', os.version: '10.0', java.version: '21.0.6'
Driver info: org.openqa.selenium.chrome.ChromeDriver
Capabilities {acceptInsecureCerts: true, browserName: chrome, browserVersion: 144.0.7559.60, chrome: {chromedriverVersion: 144.0.7559.96 (d7b80622cfab..., userDataDir: C:\Users\VAIBH1~1\AppData\L...}, fedcm:accounts: true, goog:chromeOptions: {debuggerAddress: localhost:56805}, goog:processID: 31976, networkConnectionEnabled: false, pageLoadStrategy: normal, platformName: windows, proxy: Proxy(), se:cdp: ws://localhost:56805/devtoo..., se:cdpVersion: 144.0.7559.60, setWindowRect: true, strictFileInteractability: false, timeouts: {implicit: 0, pageLoad: 300000, script: 30000}, unhandledPromptBehavior: dismiss and notify, webauthn:extension:credBlob: true, webauthn:extension:largeBlob: true, webauthn:extension:minPinLength: true, webauthn:extension:prf: true, webauthn:virtualAuthenticators: true}
Session ID: e5d76d8bef9ee47b58fd5f78132c0f4b
at org.openqa.selenium.support.ui.WebDriverWait.timeoutException(WebDriverWait.java:84)
at org.openqa.selenium.support.ui.FluentWait.until(FluentWait.java:228)
at com.fms.automation.selenium_cucumber_framework.pageobjects.AccountPayable.SupplierListingPage.clickAddSupplier(SupplierListingPage.java:22)
at com.fms.automation.selenium_cucumber_framework.flows.AccountPayable.SupplierFlow.createSupplier(SupplierFlow.java:23)
at com.fms.automation.selenium_cucumber_framework.stepdefinitions.AccountPayable.SupplierSteps.user_creates_supplier_with_payment_option(SupplierSteps.java:36)
at âœ½.user creates supplier with payment option "NONE"(file:///C:/Users/Vaibh1503544/eclipse-workspace/selenium-cucumber-framework/src/test/resources/features/AccountPayable/Supplier.feature:6)
]]>
    </error>
  </testcase> <!-- runScenario -->
</testsuite> <!-- com.fms.automation.selenium_cucumber_framework.runners.TestRunner -->
